CorrectorSoftcatala/build/outputs/logs/manifest-merger-release-report.txt
-- Merging decision tree log ---
manifest
ADDED from src/main/AndroidManifest.xml:19:1-52:12
	package
		ADDED from src/main/AndroidManifest.xml:20:5-39
		INJECTED from src/main/AndroidManifest.xml
		INJECTED from src/main/AndroidManifest.xml
	xmlns:android
		ADDED from src/main/AndroidManifest.xml:19:11-69
uses-sdk
ADDED from src/main/AndroidManifest.xml:22:5-43
	android:targetSdkVersion
		INJECTED from src/main/AndroidManifest.xml
		INJECTED from src/main/AndroidManifest.xml
	android:minSdkVersion
		ADDED from src/main/AndroidManifest.xml:22:15-41
		INJECTED from src/main/AndroidManifest.xml
		INJECTED from src/main/AndroidManifest.xml
uses-permission#android.permission.INTERNET
ADDED from src/main/AndroidManifest.xml:24:5-67
	android:name
		ADDED from src/main/AndroidManifest.xml:24:22-64
uses-permission#android.permission.ACCESS_NETWORK_STATE
ADDED from src/main/AndroidManifest.xml:25:5-79
	android:name
		ADDED from src/main/AndroidManifest.xml:25:22-76
application
ADDED from src/main/AndroidManifest.xml:28:5-50:19
	android:label
		ADDED from src/main/AndroidManifest.xml:29:9-41
service#org.softcatala.corrector.SampleSpellCheckerService
ADDED from src/main/AndroidManifest.xml:30:9-41:19
	android:label
		ADDED from src/main/AndroidManifest.xml:31:13-45
	android:permission
		ADDED from src/main/AndroidManifest.xml:33:13-70
	android:name
		ADDED from src/main/AndroidManifest.xml:32:13-78
intent-filter#android.service.textservice.SpellCheckerService
ADDED from src/main/AndroidManifest.xml:34:13-36:29
action#android.service.textservice.SpellCheckerService
ADDED from src/main/AndroidManifest.xml:35:17-90
	android:name
		ADDED from src/main/AndroidManifest.xml:35:25-87
meta-data#android.view.textservice.scs
ADDED from src/main/AndroidManifest.xml:38:13-40:56
	android:resource
		ADDED from src/main/AndroidManifest.xml:40:17-53
	android:name
		ADDED from src/main/AndroidManifest.xml:39:17-60
activity#org.softcatala.corrector.SpellCheckerSettingsActivity
ADDED from src/main/AndroidManifest.xml:43:9-49:20
	android:label
		ADDED from src/main/AndroidManifest.xml:44:13-52
	android:name
		ADDED from src/main/AndroidManifest.xml:45:13-81
intent-filter#android.intent.action.MAIN
ADDED from src/main/AndroidManifest.xml:46:13-48:29
action#android.intent.action.MAIN
ADDED from src/main/AndroidManifest.xml:47:17-69
	android:name
		ADDED from src/main/AndroidManifest.xml:47:25-66